app/build/outputs/mapping/release/seeds.txt
com.bilidownloader.app.data.model.PageInfo
com.bilidownloader.app.data.model.UgcSeason$Creator
com.bilidownloader.app.BiliApp
com.bilidownloader.app.service.DownloadService
com.bilidownloader.app.data.model.DownloadRecord
com.bilidownloader.app.ui.SplashActivity
com.bilidownloader.app.data.model.ExtraContent
com.bilidownloader.app.data.model.UgcSection
com.bilidownloader.app.data.model.VideoInfo$Creator
com.bilidownloader.app.data.model.PageInfo$Creator
com.bilidownloader.app.data.model.DownloadProgress
com.bilidownloader.app.data.database.DownloadDatabase
com.bilidownloader.app.data.model.UgcEpisode
com.bilidownloader.app.data.model.Quality
com.bilidownloader.app.data.model.Quality$Creator
com.bilidownloader.app.data.model.UgcSeason
com.bilidownloader.app.data.model.DanmakuInfo
com.bilidownloader.app.data.model.SubtitleInfo
com.bilidownloader.app.ui.MainActivity
com.bilidownloader.app.data.model.UgcEpisode$Creator
com.bilidownloader.app.ui.WebViewActivity
com.bilidownloader.app.data.database.DownloadDatabase_Impl
com.bilidownloader.app.data.model.UgcSection$Creator
com.bilidownloader.app.data.model.DownloadMode
com.bilidownloader.app.data.model.VideoInfo
com.bilidownloader.app.data.model.DownloadRecord: java.lang.String videoId
com.bilidownloader.app.data.model.UgcEpisode: java.lang.String bvid
com.bilidownloader.app.data.model.DownloadRecord: java.lang.String fileName
com.bilidownloader.app.data.model.DownloadProgress: java.lang.String danmakuText
com.bilidownloader.app.data.model.VideoInfo: long duration
com.bilidownloader.app.data.model.PageInfo: long duration
com.bilidownloader.app.data.model.Quality: int qn
com.bilidownloader.app.data.model.UgcSeason: int $stable
com.bilidownloader.app.data.model.DownloadRecord: int $stable
com.bilidownloader.app.data.model.UgcSection: java.lang.String title
com.bilidownloader.app.data.model.UgcSeason: java.lang.String title
com.bilidownloader.app.data.model.ExtraContent: int $stable
com.bilidownloader.app.data.model.Quality: android.os.Parcelable$Creator CREATOR
com.bilidownloader.app.data.model.DownloadRecord: long downloadTime
com.bilidownloader.app.data.model.DownloadProgress: java.lang.String videoText
com.bilidownloader.app.data.model.DownloadRecord: long fileSize
com.bilidownloader.app.data.model.UgcEpisode: int page
com.bilidownloader.app.data.model.UgcEpisode: long cid
com.bilidownloader.app.data.model.DownloadProgress: int totalCount
com.bilidownloader.app.data.model.DownloadMode: com.bilidownloader.app.data.model.DownloadMode SEPARATE
com.bilidownloader.app.data.model.VideoInfo: java.lang.String title
com.bilidownloader.app.data.model.VideoInfo: android.os.Parcelable$Creator CREATOR
com.bilidownloader.app.data.model.ExtraContent: boolean downloadCover
com.bilidownloader.app.data.model.DownloadProgress: java.lang.String coverText
com.bilidownloader.app.data.model.UgcSeason: long id
com.bilidownloader.app.data.model.UgcEpisode: int $stable
com.bilidownloader.app.data.model.DownloadRecord: java.lang.String downloadPath
com.bilidownloader.app.data.model.PageInfo: int $stable
com.bilidownloader.app.data.model.VideoInfo: int $stable
com.bilidownloader.app.data.model.PageInfo: long cid
com.bilidownloader.app.data.model.SubtitleInfo: java.lang.String lan
com.bilidownloader.app.data.model.DownloadMode: com.bilidownloader.app.data.model.DownloadMode VIDEO_ONLY
com.bilidownloader.app.data.model.DownloadMode: com.bilidownloader.app.data.model.DownloadMode MERGE
com.bilidownloader.app.data.model.DownloadProgress: java.lang.String subtitleText
com.bilidownloader.app.data.model.PageInfo: java.lang.String part
com.bilidownloader.app.data.model.UgcSection: android.os.Parcelable$Creator CREATOR
com.bilidownloader.app.data.model.DownloadProgress: int $stable
com.bilidownloader.app.data.model.DownloadProgress: int currentIndex
com.bilidownloader.app.data.model.DownloadProgress: float danmakuProgress
com.bilidownloader.app.data.model.DownloadProgress: java.lang.String audioText
...
androidx.core.app.NotificationCompatBuilder$Api16Impl: android.app.Notification$Builder setUsesChronometer(android.app.Notification$Builder,boolean)
com.google.gson.internal.bind.JsonTreeReader: void close()
com.google.gson.internal.$Gson$Types: boolean equals(java.lang.reflect.Type,java.lang.reflect.Type)
com.google.gson.internal.LinkedTreeMap$KeySet: java.util.Iterator iterator()
androidx.core.app.NotificationCompatBuilder$Api31Impl: android.app.Notification$Builder setForegroundServiceBehavior(android.app.Notification$Builder,int)
androidx.lifecycle.ProcessLifecycleOwner$Api29Impl: void registerActivityLifecycleCallbacks(android.app.Activity,android.app.Application$ActivityLifecycleCallbacks)
org.chromium.support_lib_boundary.ServiceWorkerWebSettingsBoundaryInterface: int getCacheMode()
org.chromium.support_lib_boundary.ServiceWorkerWebSettingsBoundaryInterface: void setRequestedWithHeaderOriginAllowList(java.util.Set)
androidx.core.view.WindowInsetsCompat$BuilderImpl: void setInsets(int,androidx.core.graphics.Insets)
org.chromium.support_lib_boundary.WebViewRendererClientBoundaryInterface: void onRendererUnresponsive(android.webkit.WebView,java.lang.reflect.InvocationHandler)
androidx.compose.ui.platform.AndroidComposeView: void set_viewTreeOwners(androidx.compose.ui.platform.AndroidComposeView$ViewTreeOwners)
org.chromium.support_lib_boundary.WebSettingsBoundaryInterface: boolean getWillSuppressErrorPage()
androidx.work.impl.background.systemalarm.ConstraintProxy$BatteryNotLowProxy: ConstraintProxy$BatteryNotLowProxy()
androidx.work.impl.utils.NetworkApi21: boolean hasCapabilityCompat(android.net.NetworkCapabilities,int)
androidx.compose.foundation.layout.LayoutOrientation: androidx.compose.foundation.layout.LayoutOrientation[] values()
androidx.core.app.NotificationCompatBuilder$Api20Impl: android.app.Notification$Action$Builder addExtras(android.app.Notification$Action$Builder,android.os.Bundle)
androidx.work.Worker: Worker(android.content.Context,androidx.work.WorkerParameters)
androidx.core.view.ViewCompat$Api21Impl: void callCompatInsetAnimationCallback(android.view.WindowInsets,android.view.View)
androidx.datastore.preferences.protobuf.ProtoSyntax: androidx.datastore.preferences.protobuf.ProtoSyntax[] values()
com.google.gson.internal.$Gson$Types: java.lang.reflect.Type canonicalize(java.lang.reflect.Type)
org.chromium.support_lib_boundary.StaticsBoundaryInterface: java.lang.String getVariationsHeader()
com.google.gson.internal.ConstructorConstructor$10: ConstructorConstructor$10()
com.google.gson.internal.bind.MapTypeAdapterFactory: MapTypeAdapterFactory(com.google.gson.internal.ConstructorConstructor,boolean)
com.google.gson.internal.sql.SqlTimeTypeAdapter: SqlTimeTypeAdapter(com.google.gson.internal.sql.SqlTimeTypeAdapter$1)
androidx.compose.ui.viewinterop.ViewFactoryHolder: void setUpdateBlock(kotlin.jvm.functions.Function1)
androidx.compose.ui.viewinterop.AndroidViewHolder: kotlin.jvm.functions.Function1 getOnModifierChanged$ui_release()
com.google.gson.internal.bind.JsonTreeReader: java.lang.Object peekStack()
com.google.gson.internal.reflect.ReflectionHelper: java.lang.String getAccessibleObjectDescription(java.lang.reflect.AccessibleObject,boolean)
com.google.gson.internal.bind.TypeAdapters$25: java.util.Currency read(com.google.gson.stream.JsonReader)
androidx.compose.ui.layout.MeasuringIntrinsics$IntrinsicWidthHeight: androidx.compose.ui.layout.MeasuringIntrinsics$IntrinsicWidthHeight valueOf(java.lang.String)
com.google.gson.internal.ConstructorConstructor$9: java.lang.Object construct()
com.google.gson.JsonElement: float getAsFloat()
org.chromium.support_lib_boundary.WebkitToCompatConverterBoundaryInterface: java.lang.reflect.InvocationHandler convertWebMessagePort(java.lang.Object)
com.google.gson.annotations.Until: double value()
androidx.compose.ui.node.LayoutNode$UsageByParent: androidx.compose.ui.node.LayoutNode$UsageByParent valueOf(java.lang.String)