app/build/outputs/mapping/release/usage.txt
com.bilidownloader.app.BiliApp:
    public static final int $stable
    public static final java.lang.String DOWNLOAD_CHANNEL_ID
com.bilidownloader.app.R$color
com.bilidownloader.app.R$drawable
com.bilidownloader.app.R$mipmap
com.bilidownloader.app.R$string
com.bilidownloader.app.R$style
com.bilidownloader.app.R$xml
com.bilidownloader.app.R
com.bilidownloader.app.data.database.DownloadDatabase:
    public static final int $stable
com.bilidownloader.app.data.database.DownloadDatabase_Impl:
    public void clearAllTables()
com.bilidownloader.app.data.database.DownloadRecordDao:
    public abstract java.lang.Object delete(com.bilidownloader.app.data.model.DownloadRecord,kotlin.coroutines.Continuation)
    public abstract java.lang.Object deleteAll(kotlin.coroutines.Continuation)
    public abstract kotlinx.coroutines.flow.Flow getAllRecords()
    public abstract java.lang.Object getRecord(java.lang.String,long,int,kotlin.coroutines.Continuation)
    public abstract java.lang.Object getRecordsByVideoId(java.lang.String,kotlin.coroutines.Continuation)
com.bilidownloader.app.data.database.DownloadRecordDao_Impl$10
com.bilidownloader.app.data.database.DownloadRecordDao_Impl$2:
    protected void bind(androidx.sqlite.db.SupportSQLiteStatement,com.bilidownloader.app.data.model.DownloadRecord)
    protected synthetic bridge void bind(androidx.sqlite.db.SupportSQLiteStatement,java.lang.Object)
com.bilidownloader.app.data.database.DownloadRecordDao_Impl$5
com.bilidownloader.app.data.database.DownloadRecordDao_Impl$6
com.bilidownloader.app.data.database.DownloadRecordDao_Impl$7
com.bilidownloader.app.data.database.DownloadRecordDao_Impl$8
com.bilidownloader.app.data.database.DownloadRecordDao_Impl:
    public java.lang.Object delete(com.bilidownloader.app.data.model.DownloadRecord,kotlin.coroutines.Continuation)
    public java.lang.Object deleteAll(kotlin.coroutines.Continuation)
    public kotlinx.coroutines.flow.Flow getAllRecords()
    public java.lang.Object getRecord(java.lang.String,long,int,kotlin.coroutines.Continuation)
    public java.lang.Object getRecordsByVideoId(java.lang.String,kotlin.coroutines.Continuation)
com.bilidownloader.app.data.downloader.MultiModeDownloader$downloadWithResume$2
com.bilidownloader.app.data.downloader.MultiModeDownloader:
    public final java.lang.Object downloadWithResume(java.lang.String,java.io.File,java.lang.String,kotlin.jvm.functions.Function2,kotlin.coroutines.Continuation)
com.bilidownloader.app.data.downloader.WebViewDownloader$downloadWithWebView$2$1
com.bilidownloader.app.data.downloader.WebViewDownloader$extractVideoId$2$1
com.bilidownloader.app.data.downloader.WebViewDownloader:
    public final java.lang.Object downloadWithWebView(java.lang.String,java.io.File,kotlin.jvm.functions.Function2,kotlin.coroutines.Continuation)
    public final java.lang.Object extractVideoId(java.lang.String,kotlin.coroutines.Continuation)
com.bilidownloader.app.data.network.BiliApi:
    private static final java.lang.String ORIGIN
    private static final java.lang.String REFERER
    private static final java.lang.String USER_AGENT
    public final void downloadFile(java.lang.String,java.io.File,kotlin.jvm.functions.Function2)
com.bilidownloader.app.data.repository.BiliRepository$getPlayUrl$2
com.bilidownloader.app.data.repository.BiliRepository$getSubtitles$2
com.bilidownloader.app.data.repository.BiliRepository:
    public final java.lang.Object getPlayUrl(java.lang.String,long,int,java.lang.String,kotlin.coroutines.Continuation)
    public final java.lang.Object getSubtitles(java.lang.String,long,java.lang.String,kotlin.coroutines.Continuation)
com.bilidownloader.app.data.repository.DownloadRepository:
    public final java.lang.Object isDownloaded(java.lang.String,long,int,kotlin.coroutines.Continuation)
com.bilidownloader.app.data.repository.SettingsRepository$getAgreementAccepted$$inlined$map$1$2$1:
    java.lang.Object L$0
...
kotlinx.coroutines.flow.FlowKt__ReduceKt$fold$2
kotlinx.coroutines.flow.FlowKt__ReduceKt$last$1
kotlinx.coroutines.flow.FlowKt__ReduceKt$last$2
kotlinx.coroutines.flow.FlowKt__ReduceKt$lastOrNull$1
kotlinx.coroutines.flow.FlowKt__ReduceKt$lastOrNull$2
kotlinx.coroutines.flow.FlowKt__ReduceKt$reduce$1
kotlinx.coroutines.flow.FlowKt__ReduceKt$reduce$2$emit$1
kotlinx.coroutines.flow.FlowKt__ReduceKt$reduce$2
kotlinx.coroutines.flow.FlowKt__ReduceKt$single$1
kotlinx.coroutines.flow.FlowKt__ReduceKt$single$2
kotlinx.coroutines.flow.FlowKt__ReduceKt$singleOrNull$$inlined$collectWhile$1
kotlinx.coroutines.flow.FlowKt__ReduceKt$singleOrNull$1
kotlinx.coroutines.flow.FlowKt__ReduceKt:
    public static final java.lang.Object firstOrNull(kotlinx.coroutines.flow.Flow,kotlin.coroutines.Continuation)
    public static final java.lang.Object firstOrNull(kotlinx.coroutines.flow.Flow,kotlin.jvm.functions.Function2,kotlin.coroutines.Continuation)
    public static final java.lang.Object fold(kotlinx.coroutines.flow.Flow,java.lang.Object,kotlin.jvm.functions.Function3,kotlin.coroutines.Continuation)
    private static final java.lang.Object fold$$forInline(kotlinx.coroutines.flow.Flow,java.lang.Object,kotlin.jvm.functions.Function3,kotlin.coroutines.Continuation)
    public static final java.lang.Object last(kotlinx.coroutines.flow.Flow,kotlin.coroutines.Continuation)
    public static final java.lang.Object lastOrNull(kotlinx.coroutines.flow.Flow,kotlin.coroutines.Continuation)
    public static final java.lang.Object reduce(kotlinx.coroutines.flow.Flow,kotlin.jvm.functions.Function3,kotlin.coroutines.Continuation)
    public static final java.lang.Object single(kotlinx.coroutines.flow.Flow,kotlin.coroutines.Continuation)
    public static final java.lang.Object singleOrNull(kotlinx.coroutines.flow.Flow,kotlin.coroutines.Continuation)
kotlinx.coroutines.flow.FlowKt__ShareKt$launchSharingDeferred$1$1
kotlinx.coroutines.flow.FlowKt__ShareKt$launchSharingDeferred$1
kotlinx.coroutines.flow.FlowKt__ShareKt:
    public static final kotlinx.coroutines.flow.SharedFlow asSharedFlow(kotlinx.coroutines.flow.MutableSharedFlow)
    private static final void launchSharingDeferred$FlowKt__ShareKt(kotlinx.coroutines.CoroutineScope,kotlin.coroutines.CoroutineContext,kotlinx.coroutines.flow.Flow,kotlinx.coroutines.CompletableDeferred)
    public static final kotlinx.coroutines.flow.SharedFlow onSubscription(kotlinx.coroutines.flow.SharedFlow,kotlin.jvm.functions.Function2)
    public static final kotlinx.coroutines.flow.SharedFlow shareIn(kotlinx.coroutines.flow.Flow,kotlinx.coroutines.CoroutineScope,kotlinx.coroutines.flow.SharingStarted,int)
    public static synthetic kotlinx.coroutines.flow.SharedFlow shareIn$default(kotlinx.coroutines.flow.Flow,kotlinx.coroutines.CoroutineScope,kotlinx.coroutines.flow.SharingStarted,int,int,java.lang.Object)
    public static final java.lang.Object stateIn(kotlinx.coroutines.flow.Flow,kotlinx.coroutines.CoroutineScope,kotlin.coroutines.Continuation)
kotlinx.coroutines.flow.FlowKt__TransformKt$filter$$inlined$unsafeTransform$1$1
kotlinx.coroutines.flow.FlowKt__TransformKt$filter$$inlined$unsafeTransform$1$2$1
kotlinx.coroutines.flow.FlowKt__TransformKt$filter$$inlined$unsafeTransform$1$2
kotlinx.coroutines.flow.FlowKt__TransformKt$filter$$inlined$unsafeTransform$1
kotlinx.coroutines.flow.FlowKt__TransformKt$filterIsInstance$$inlined$filter$1$1
kotlinx.coroutines.flow.FlowKt__TransformKt$filterIsInstance$$inlined$filter$1$2$1
kotlinx.coroutines.flow.FlowKt__TransformKt$filterIsInstance$$inlined$filter$1$2
kotlinx.coroutines.flow.FlowKt__TransformKt$filterIsInstance$$inlined$filter$1
kotlinx.coroutines.flow.FlowKt__TransformKt$filterIsInstance$$inlined$filter$2$2$1
kotlinx.coroutines.flow.FlowKt__TransformKt$filterIsInstance$$inlined$filter$2$2
kotlinx.coroutines.flow.FlowKt__TransformKt$filterIsInstance$$inlined$filter$2
kotlinx.coroutines.flow.FlowKt__TransformKt$filterNot$$inlined$unsafeTransform$1$1